<?xml version="1.0" encoding="utf-8"?><testsuites name="pytest tests"><testsuite name="pytest" errors="0" failures="0" skipped="0" tests="28" time="6.366" timestamp="2026-01-10T07:17:36.664793+00:00" hostname="agent-env-3e7b7b26-322b-446c-9be5-8821f4eba6f6"><testcase classname="tests.test_dezx_api.TestHealthCheck" name="test_api_health" time="0.102" /><testcase classname="tests.test_dezx_api.TestHealthCheck" name="test_api_root" time="0.039" /><testcase classname="tests.test_dezx_api.TestAuthentication" name="test_superadmin_login" time="0.265" /><testcase classname="tests.test_dezx_api.TestAuthentication" name="test_designer_login" time="0.303" /><testcase classname="tests.test_dezx_api.TestAuthentication" name="test_client_login" time="0.259" /><testcase classname="tests.test_dezx_api.TestAuthentication" name="test_invalid_login" time="0.081" /><testcase classname="tests.test_dezx_api.TestAuthentication" name="test_auth_me_endpoint" time="0.271" /><testcase classname="tests.test_dezx_api.TestAdminDashboard" name="test_admin_stats" time="0.319" /><testcase classname="tests.test_dezx_api.TestAdminDashboard" name="test_admin_recent_activity" time="0.267" /><testcase classname="tests.test_dezx_api.TestAdminDashboard" name="test_non_admin_cannot_access_stats" time="0.270" /><testcase classname="tests.test_dezx_api.TestSettingsAPI" name="test_get_settings" time="0.271" /><testcase classname="tests.test_dezx_api.TestSettingsAPI" name="test_update_settings" time="0.345" /><testcase classname="tests.test_dezx_api.TestSettingsAPI" name="test_non_admin_cannot_access_settings" time="0.311" /><testcase classname="tests.test_dezx_api.TestAuditAPI" name="test_get_audit_logs" time="0.308" /><testcase classname="tests.test_dezx_api.TestAuditAPI" name="test_audit_logs_filter_by_entity" time="0.267" /><testcase classname="tests.test_dezx_api.TestAuditAPI" name="test_non_admin_cannot_access_audit" time="0.267" /><testcase classname="tests.test_dezx_api.TestNotificationsAPI" name="test_admin_get_notifications" time="0.316" /><testcase classname="tests.test_dezx_api.TestNotificationsAPI" name="test_designer_get_notifications" time="0.269" /><testcase classname="tests.test_dezx_api.TestNotificationsAPI" name="test_client_get_notifications" time="0.318" /><testcase classname="tests.test_dezx_api.TestNotificationsAPI" name="test_unread_count" time="0.276" /><testcase classname="tests.test_dezx_api.TestNotificationsAPI" name="test_mark_all_read" time="0.282" /><testcase classname="tests.test_dezx_api.TestUsersAPI" name="test_list_users" time="0.275" /><testcase classname="tests.test_dezx_api.TestUsersAPI" name="test_filter_users_by_role" time="0.267" /><testcase classname="tests.test_dezx_api.TestProjectsAPI" name="test_list_projects" time="0.040" /><testcase classname="tests.test_dezx_api.TestProjectsAPI" name="test_featured_projects" time="0.037" /><testcase classname="tests.test_dezx_api.TestCompetitionsAPI" name="test_list_competitions" time="0.039" /><testcase classname="tests.test_dezx_api.TestCompetitionsAPI" name="test_featured_competitions" time="0.036" /><testcase classname="tests.test_dezx_api.TestSiteContent" name="test_get_site_content" time="0.039" /></testsuite></testsuites>